Using pre-set license
Built from '2020.3/release' branch; Version is '2020.3.1f1 (77a89f25062f) revision 7841951'; Using compiler version '192528614'; Build Type 'Release'
OS: 'Windows 10 Pro; OS build 19041.867; Version 2004; 64bit' Language: 'ko' Physical Memory: 40878 MB
BatchMode: 1, IsHumanControllingUs: 0, StartBugReporterOnCrash: 0, Is64bit: 1, IsPro: 0

 COMMAND LINE ARGUMENTS:
M:\Unity\Editor\Unity.exe
-adb2
-batchMode
-noUpm
-name
AssetImportWorker1
-projectPath
M:/Git/2048 Mahjong
-logFile
Logs/AssetImportWorker1.log
-srvPort
2872
Successfully changed project path to: M:/Git/2048 Mahjong
M:/Git/2048 Mahjong
Using Asset Import Pipeline V2.
Refreshing native plugins compatible for Editor in 47.97 ms, found 1 plugins.
Preloading 0 native plugins for Editor in 0.00 ms.
Initialize engine version: 2020.3.1f1 (77a89f25062f)
[Subsystems] Discovering subsystems at path M:/Unity/Editor/Data/Resources/UnitySubsystems
[Subsystems] Discovering subsystems at path M:/Git/2048 Mahjong/Assets
GfxDevice: creating device client; threaded=0
Direct3D:
    Version:  Direct3D 11.0 [level 11.1]
    Renderer: NVIDIA GeForce RTX 2070 SUPER (ID=0x1e84)
    Vendor:   
    VRAM:     8011 MB
    Driver:   27.21.14.5751
Initialize mono
Mono path[0] = 'M:/Unity/Editor/Data/Managed'
Mono path[1] = 'M:/Unity/Editor/Data/MonoBleedingEdge/lib/mono/unityjit'
Mono config path = 'M:/Unity/Editor/Data/MonoBleedingEdge/etc'
Using monoOptions --debugger-agent=transport=dt_socket,embedding=1,server=y,suspend=n,address=127.0.0.1:56784
Begin MonoManager ReloadAssembly
Registering precompiled unity dll's ...
Register platform support module: M:/Unity/Editor/Data/PlaybackEngines/WindowsStandaloneSupport/UnityEditor.WindowsStandalone.Extensions.dll
Registered in 0.001785 seconds.
Native extension for WindowsStandalone target not found
Refreshing native plugins compatible for Editor in 41.94 ms, found 1 plugins.
Preloading 0 native plugins for Editor in 0.00 ms.
Invoked RoslynAnalysisRunner static constructor.
RoslynAnalysisRunner will not be running.
RoslynAnalysisRunner has terminated.
Mono: successfully reloaded assembly
- Completed reload, in  1.186 seconds
Platform modules already initialized, skipping
Registering precompiled user dll's ...
Registered in 0.001207 seconds.
Begin MonoManager ReloadAssembly
Native extension for WindowsStandalone target not found
Refreshing native plugins compatible for Editor in 43.09 ms, found 1 plugins.
Preloading 0 native plugins for Editor in 0.00 ms.
Invoked RoslynAnalysisRunner static constructor.
RoslynAnalysisRunner will not be running.
RoslynAnalysisRunner has terminated.
Mono: successfully reloaded assembly
- Completed reload, in  1.007 seconds
Platform modules already initialized, skipping
========================================================================
Worker process is ready to serve import requests
Launched and connected shader compiler UnityShaderCompiler.exe after 0.09 seconds
Refreshing native plugins compatible for Editor in 0.44 ms, found 1 plugins.
Preloading 0 native plugins for Editor in 0.00 ms.
Unloading 1959 Unused Serialized files (Serialized files now loaded: 0)
System memory in use before: 102.2 MB.
System memory in use after: 102.4 MB.

Unloading 31 unused Assets to reduce memory usage. Loaded Objects now: 2410.
Total: 2.185900 ms (FindLiveObjects: 0.371000 ms CreateObjectMapping: 0.077800 ms MarkObjects: 1.707700 ms  DeleteObjects: 0.028100 ms)

========================================================================
Received Import Request.
  path: Assets/Prefabs/tileEight.prefab
  artifactKey: Guid(7e1e9b7a5f90de34abe7b87f0258466f) Importer(815301076,1909f56bfc062723c751e8b465ee728b)
Start importing Assets/Prefabs/tileEight.prefab using Guid(7e1e9b7a5f90de34abe7b87f0258466f) Importer(815301076,1909f56bfc062723c751e8b465ee728b)  -> (artifact id: '5c4583eae756d010070bf24761ecc5bd') in 0.146036 seconds
  Import took 0.149112 seconds .

========================================================================
Received Import Request.
  Time since last request: 0.000355 seconds.
  path: Assets/Prefabs/tilefour.prefab
  artifactKey: Guid(ed5bac92b61a43f43a93b964d1f47750) Importer(815301076,1909f56bfc062723c751e8b465ee728b)
Start importing Assets/Prefabs/tilefour.prefab using Guid(ed5bac92b61a43f43a93b964d1f47750) Importer(815301076,1909f56bfc062723c751e8b465ee728b)  -> (artifact id: '4e10f86b1878108b50c22599678da13d') in 0.090313 seconds
  Import took 0.093931 seconds .

========================================================================
Received Import Request.
  Time since last request: 0.000296 seconds.
  path: Assets/Prefabs/tileSeven.prefab
  artifactKey: Guid(557302615df91214e940944a0b128a69) Importer(815301076,1909f56bfc062723c751e8b465ee728b)
Start importing Assets/Prefabs/tileSeven.prefab using Guid(557302615df91214e940944a0b128a69) Importer(815301076,1909f56bfc062723c751e8b465ee728b)  -> (artifact id: '31c820852acbcd3d6e1a617a86ea60f5') in 0.016974 seconds
  Import took 0.020262 seconds .

========================================================================
Received Import Request.
  Time since last request: 0.000253 seconds.
  path: Assets/Prefabs/tileSix.prefab
  artifactKey: Guid(d634682836881604bab5f91bfa145465) Importer(815301076,1909f56bfc062723c751e8b465ee728b)
Start importing Assets/Prefabs/tileSix.prefab using Guid(d634682836881604bab5f91bfa145465) Importer(815301076,1909f56bfc062723c751e8b465ee728b)  -> (artifact id: '3c334abe642990cdf0abee05472435dc') in 0.010690 seconds
  Import took 0.013944 seconds .

========================================================================
Received Import Request.
  Time since last request: 0.000279 seconds.
  path: Assets/Prefabs/tilefive.prefab
  artifactKey: Guid(35695b7bdaa1c3440bd11dd5eea95e30) Importer(815301076,1909f56bfc062723c751e8b465ee728b)
Start importing Assets/Prefabs/tilefive.prefab using Guid(35695b7bdaa1c3440bd11dd5eea95e30) Importer(815301076,1909f56bfc062723c751e8b465ee728b)  -> (artifact id: '434d7be1f86546f3950daffab6993658') in 0.015294 seconds
  Import took 0.018649 seconds .

========================================================================
Received Import Request.
  Time since last request: 0.000207 seconds.
  path: Assets/Prefabs/tileSix.prefab
  artifactKey: Guid(d634682836881604bab5f91bfa145465) Importer(815301076,1909f56bfc062723c751e8b465ee728b)
Start importing Assets/Prefabs/tileSix.prefab using Guid(d634682836881604bab5f91bfa145465) Importer(815301076,1909f56bfc062723c751e8b465ee728b)  -> (artifact id: '3c334abe642990cdf0abee05472435dc') in 0.016227 seconds
  Import took 0.019596 seconds .

========================================================================
Received Prepare
Registering precompiled user dll's ...
Registered in 0.001115 seconds.
Begin MonoManager ReloadAssembly
Native extension for WindowsStandalone target not found
Refreshing native plugins compatible for Editor in 0.64 ms, found 1 plugins.
Preloading 0 native plugins for Editor in 0.00 ms.
Invoked RoslynAnalysisRunner static constructor.
RoslynAnalysisRunner will not be running.
RoslynAnalysisRunner has terminated.
Mono: successfully reloaded assembly
- Completed reload, in  0.904 seconds
Platform modules already initialized, skipping
Refreshing native plugins compatible for Editor in 0.51 ms, found 1 plugins.
Preloading 0 native plugins for Editor in 0.00 ms.
Unloading 1935 Unused Serialized files (Serialized files now loaded: 0)
System memory in use before: 103.9 MB.
System memory in use after: 104.0 MB.

Unloading 20 unused Assets to reduce memory usage. Loaded Objects now: 2421.
Total: 2.125300 ms (FindLiveObjects: 0.183000 ms CreateObjectMapping: 0.070100 ms MarkObjects: 1.852600 ms  DeleteObjects: 0.018000 ms)

========================================================================
Received Import Request.
  Time since last request: 27.091325 seconds.
  path: Assets/Prefabs/tilefour.prefab
  artifactKey: Guid(ed5bac92b61a43f43a93b964d1f47750) Importer(815301076,1909f56bfc062723c751e8b465ee728b)
Start importing Assets/Prefabs/tilefour.prefab using Guid(ed5bac92b61a43f43a93b964d1f47750) Importer(815301076,1909f56bfc062723c751e8b465ee728b)  -> (artifact id: 'b5595f8fd529b7d6ff52b1cf8165b18d') in 0.120111 seconds
  Import took 0.123627 seconds .

========================================================================
Received Prepare
Registering precompiled user dll's ...
Registered in 0.001181 seconds.
Begin MonoManager ReloadAssembly
Native extension for WindowsStandalone target not found
Refreshing native plugins compatible for Editor in 0.49 ms, found 1 plugins.
Preloading 0 native plugins for Editor in 0.00 ms.
Invoked RoslynAnalysisRunner static constructor.
RoslynAnalysisRunner will not be running.
RoslynAnalysisRunner has terminated.
Mono: successfully reloaded assembly
- Completed reload, in  0.892 seconds
Platform modules already initialized, skipping
Refreshing native plugins compatible for Editor in 0.51 ms, found 1 plugins.
Preloading 0 native plugins for Editor in 0.00 ms.
Unloading 1935 Unused Serialized files (Serialized files now loaded: 0)
System memory in use before: 103.9 MB.
System memory in use after: 104.0 MB.

Unloading 20 unused Assets to reduce memory usage. Loaded Objects now: 2426.
Total: 2.375800 ms (FindLiveObjects: 0.213900 ms CreateObjectMapping: 0.089600 ms MarkObjects: 2.049500 ms  DeleteObjects: 0.021700 ms)

========================================================================
Received Prepare
Registering precompiled user dll's ...
Registered in 0.001516 seconds.
Begin MonoManager ReloadAssembly
Native extension for WindowsStandalone target not found
Refreshing native plugins compatible for Editor in 0.47 ms, found 1 plugins.
Preloading 0 native plugins for Editor in 0.00 ms.
Invoked RoslynAnalysisRunner static constructor.
RoslynAnalysisRunner will not be running.
RoslynAnalysisRunner has terminated.
Mono: successfully reloaded assembly
- Completed reload, in  0.961 seconds
Platform modules already initialized, skipping
Refreshing native plugins compatible for Editor in 0.53 ms, found 1 plugins.
Preloading 0 native plugins for Editor in 0.00 ms.
Unloading 1935 Unused Serialized files (Serialized files now loaded: 0)
System memory in use before: 104.0 MB.
System memory in use after: 104.1 MB.

Unloading 20 unused Assets to reduce memory usage. Loaded Objects now: 2430.
Total: 2.514000 ms (FindLiveObjects: 0.335000 ms CreateObjectMapping: 0.133200 ms MarkObjects: 2.024900 ms  DeleteObjects: 0.019600 ms)

========================================================================
Received Prepare
Registering precompiled user dll's ...
Registered in 0.001180 seconds.
Begin MonoManager ReloadAssembly
Native extension for WindowsStandalone target not found
Refreshing native plugins compatible for Editor in 0.44 ms, found 1 plugins.
Preloading 0 native plugins for Editor in 0.00 ms.
Invoked RoslynAnalysisRunner static constructor.
RoslynAnalysisRunner will not be running.
RoslynAnalysisRunner has terminated.
Mono: successfully reloaded assembly
- Completed reload, in  0.894 seconds
Platform modules already initialized, skipping
Refreshing native plugins compatible for Editor in 0.48 ms, found 1 plugins.
Preloading 0 native plugins for Editor in 0.00 ms.
Unloading 1935 Unused Serialized files (Serialized files now loaded: 0)
System memory in use before: 104.0 MB.
System memory in use after: 104.1 MB.

Unloading 20 unused Assets to reduce memory usage. Loaded Objects now: 2434.
Total: 2.476000 ms (FindLiveObjects: 0.269100 ms CreateObjectMapping: 0.099500 ms MarkObjects: 2.082500 ms  DeleteObjects: 0.023300 ms)

========================================================================
Received Prepare
Registering precompiled user dll's ...
Registered in 0.001284 seconds.
Begin MonoManager ReloadAssembly
Native extension for WindowsStandalone target not found
Refreshing native plugins compatible for Editor in 0.52 ms, found 1 plugins.
Preloading 0 native plugins for Editor in 0.00 ms.
Invoked RoslynAnalysisRunner static constructor.
RoslynAnalysisRunner will not be running.
RoslynAnalysisRunner has terminated.
Mono: successfully reloaded assembly
- Completed reload, in  0.905 seconds
Platform modules already initialized, skipping
Refreshing native plugins compatible for Editor in 0.47 ms, found 1 plugins.
Preloading 0 native plugins for Editor in 0.00 ms.
Unloading 1935 Unused Serialized files (Serialized files now loaded: 0)
System memory in use before: 104.0 MB.
System memory in use after: 104.1 MB.

Unloading 20 unused Assets to reduce memory usage. Loaded Objects now: 2438.
Total: 2.156200 ms (FindLiveObjects: 0.195700 ms CreateObjectMapping: 0.076800 ms MarkObjects: 1.865300 ms  DeleteObjects: 0.017500 ms)

========================================================================
Received Import Request.
  Time since last request: 182.795825 seconds.
  path: Assets/Animation
  artifactKey: Guid(95dc1747a483fd04eb87093e11447f75) Importer(815301076,1909f56bfc062723c751e8b465ee728b)
Start importing Assets/Animation using Guid(95dc1747a483fd04eb87093e11447f75) Importer(815301076,1909f56bfc062723c751e8b465ee728b)  -> (artifact id: 'c8c35d437ec69e683905009492a503cb') in 0.009477 seconds
  Import took 0.012704 seconds .

========================================================================
Received Import Request.
  Time since last request: 0.012625 seconds.
  path: Assets/Animation
  artifactKey: Guid(95dc1747a483fd04eb87093e11447f75) Importer(815301076,1909f56bfc062723c751e8b465ee728b)
Start importing Assets/Animation using Guid(95dc1747a483fd04eb87093e11447f75) Importer(815301076,1909f56bfc062723c751e8b465ee728b)  -> (artifact id: 'c8c35d437ec69e683905009492a503cb') in 0.003872 seconds
  Import took 0.007211 seconds .

========================================================================
Received Import Request.
  Time since last request: 86.986873 seconds.
  path: Assets/Animation/TileAnimator.controller
  artifactKey: Guid(70c34992b5fc1f34d9fad378d0dccd3c) Importer(815301076,1909f56bfc062723c751e8b465ee728b)
Start importing Assets/Animation/TileAnimator.controller using Guid(70c34992b5fc1f34d9fad378d0dccd3c) Importer(815301076,1909f56bfc062723c751e8b465ee728b)  -> (artifact id: '65f764fd932443bd3bf4a2d1f88a579d') in 0.029163 seconds
  Import took 0.032980 seconds .

========================================================================
Received Import Request.
  Time since last request: 130.075258 seconds.
  path: Assets/Animation/New Animation.anim
  artifactKey: Guid(94a2e1e2f6a949f409163d24512ae325) Importer(815301076,1909f56bfc062723c751e8b465ee728b)
Start importing Assets/Animation/New Animation.anim using Guid(94a2e1e2f6a949f409163d24512ae325) Importer(815301076,1909f56bfc062723c751e8b465ee728b)  -> (artifact id: '074271d0ef04e72e08e1e8362a0348f4') in 0.023256 seconds
  Import took 0.027861 seconds .

========================================================================
Received Import Request.
  Time since last request: 34.806122 seconds.
  path: Assets/Animation/TileAnimator.controller
  artifactKey: Guid(70c34992b5fc1f34d9fad378d0dccd3c) Importer(815301076,1909f56bfc062723c751e8b465ee728b)
Start importing Assets/Animation/TileAnimator.controller using Guid(70c34992b5fc1f34d9fad378d0dccd3c) Importer(815301076,1909f56bfc062723c751e8b465ee728b)  -> (artifact id: '4439a65b1cdb8890a83dcbac4c641038') in 0.009333 seconds
  Import took 0.012832 seconds .

========================================================================
Received Import Request.
  Time since last request: 7.273800 seconds.
  path: Assets/Animation/Spwan.anim
  artifactKey: Guid(94a2e1e2f6a949f409163d24512ae325) Importer(815301076,1909f56bfc062723c751e8b465ee728b)
Start importing Assets/Animation/Spwan.anim using Guid(94a2e1e2f6a949f409163d24512ae325) Importer(815301076,1909f56bfc062723c751e8b465ee728b)  -> (artifact id: 'eb1df7ec81f7e8374949a423e09e3055') in 0.010210 seconds
  Import took 0.013803 seconds .

========================================================================
Received Import Request.
  Time since last request: 85.732106 seconds.
  path: Assets/Materials/SpriteOutline.mat
  artifactKey: Guid(10bd1c58c4a58ea4d90960c5351a35de) Importer(815301076,1909f56bfc062723c751e8b465ee728b)
Start importing Assets/Materials/SpriteOutline.mat using Guid(10bd1c58c4a58ea4d90960c5351a35de) Importer(815301076,1909f56bfc062723c751e8b465ee728b)  -> (artifact id: '3bba34ccbc89347d54fa27d6cf95afd6') in 0.070240 seconds
  Import took 0.073693 seconds .

========================================================================
Received Import Request.
  Time since last request: 8.205569 seconds.
  path: Assets/Prefabs/tilefour.prefab
  artifactKey: Guid(ed5bac92b61a43f43a93b964d1f47750) Importer(815301076,1909f56bfc062723c751e8b465ee728b)
Start importing Assets/Prefabs/tilefour.prefab using Guid(ed5bac92b61a43f43a93b964d1f47750) Importer(815301076,1909f56bfc062723c751e8b465ee728b)  -> (artifact id: 'b532c34ae45130aa17edad6940b3a050') in 0.100515 seconds
  Import took 0.104106 seconds .

========================================================================
Received Import Request.
  Time since last request: 9.448257 seconds.
  path: Assets/Prefabs/tilefour.prefab
  artifactKey: Guid(ed5bac92b61a43f43a93b964d1f47750) Importer(815301076,1909f56bfc062723c751e8b465ee728b)
Start importing Assets/Prefabs/tilefour.prefab using Guid(ed5bac92b61a43f43a93b964d1f47750) Importer(815301076,1909f56bfc062723c751e8b465ee728b)  -> (artifact id: '73fb2b27f6786020714c72906be107b7') in 0.080065 seconds
  Import took 0.084918 seconds .

========================================================================
Received Prepare
Registering precompiled user dll's ...
Registered in 0.001591 seconds.
Begin MonoManager ReloadAssembly
Native extension for WindowsStandalone target not found
Refreshing native plugins compatible for Editor in 1.87 ms, found 1 plugins.
Preloading 0 native plugins for Editor in 0.00 ms.
Invoked RoslynAnalysisRunner static constructor.
RoslynAnalysisRunner will not be running.
RoslynAnalysisRunner has terminated.
Mono: successfully reloaded assembly
- Completed reload, in  1.042 seconds
Platform modules already initialized, skipping
Refreshing native plugins compatible for Editor in 0.45 ms, found 1 plugins.
Preloading 0 native plugins for Editor in 0.00 ms.
Unloading 1935 Unused Serialized files (Serialized files now loaded: 0)
System memory in use before: 104.2 MB.
System memory in use after: 104.4 MB.

Unloading 20 unused Assets to reduce memory usage. Loaded Objects now: 2476.
Total: 2.617400 ms (FindLiveObjects: 0.242500 ms CreateObjectMapping: 0.098200 ms MarkObjects: 2.248900 ms  DeleteObjects: 0.025800 ms)

========================================================================
Received Import Request.
  Time since last request: 228.984842 seconds.
  path: Assets/Animation/Spwan.anim
  artifactKey: Guid(94a2e1e2f6a949f409163d24512ae325) Importer(815301076,1909f56bfc062723c751e8b465ee728b)
Start importing Assets/Animation/Spwan.anim using Guid(94a2e1e2f6a949f409163d24512ae325) Importer(815301076,1909f56bfc062723c751e8b465ee728b)  -> (artifact id: 'f654392b3776b7655b12d566473fa16c') in 0.023718 seconds
  Import took 0.029497 seconds .

========================================================================
Received Import Request.
  Time since last request: 0.020973 seconds.
  path: Assets/Animation/Spwan.anim
  artifactKey: Guid(94a2e1e2f6a949f409163d24512ae325) Importer(815301076,1909f56bfc062723c751e8b465ee728b)
Start importing Assets/Animation/Spwan.anim using Guid(94a2e1e2f6a949f409163d24512ae325) Importer(815301076,1909f56bfc062723c751e8b465ee728b)  -> (artifact id: 'f654392b3776b7655b12d566473fa16c') in 0.007176 seconds
  Import took 0.011807 seconds .

========================================================================
Received Prepare
Registering precompiled user dll's ...
Registered in 0.001393 seconds.
Begin MonoManager ReloadAssembly
Native extension for WindowsStandalone target not found
Refreshing native plugins compatible for Editor in 0.87 ms, found 1 plugins.
Preloading 0 native plugins for Editor in 0.00 ms.
Invoked RoslynAnalysisRunner static constructor.
RoslynAnalysisRunner will not be running.
RoslynAnalysisRunner has terminated.
Mono: successfully reloaded assembly
- Completed reload, in  1.076 seconds
Platform modules already initialized, skipping
Refreshing native plugins compatible for Editor in 0.52 ms, found 1 plugins.
Preloading 0 native plugins for Editor in 0.00 ms.
Unloading 1935 Unused Serialized files (Serialized files now loaded: 0)
System memory in use before: 104.2 MB.
System memory in use after: 104.4 MB.

Unloading 20 unused Assets to reduce memory usage. Loaded Objects now: 2480.
Total: 2.750300 ms (FindLiveObjects: 0.254000 ms CreateObjectMapping: 0.183100 ms MarkObjects: 2.288000 ms  DeleteObjects: 0.024100 ms)

========================================================================
Received Import Request.
  Time since last request: 12.811531 seconds.
  path: Assets/Animation/Spwan.anim
  artifactKey: Guid(94a2e1e2f6a949f409163d24512ae325) Importer(815301076,1909f56bfc062723c751e8b465ee728b)
Start importing Assets/Animation/Spwan.anim using Guid(94a2e1e2f6a949f409163d24512ae325) Importer(815301076,1909f56bfc062723c751e8b465ee728b)  -> (artifact id: '7fd2fd0373353f4b52b23bde6d47f646') in 0.023119 seconds
  Import took 0.027241 seconds .

========================================================================
Received Import Request.
  Time since last request: 0.048016 seconds.
  path: Assets/Animation/Spwan.anim
  artifactKey: Guid(94a2e1e2f6a949f409163d24512ae325) Importer(815301076,1909f56bfc062723c751e8b465ee728b)
Start importing Assets/Animation/Spwan.anim using Guid(94a2e1e2f6a949f409163d24512ae325) Importer(815301076,1909f56bfc062723c751e8b465ee728b)  -> (artifact id: '7fd2fd0373353f4b52b23bde6d47f646') in 0.006372 seconds
  Import took 0.010409 seconds .

========================================================================
Received Prepare
Registering precompiled user dll's ...
Registered in 0.002472 seconds.
Begin MonoManager ReloadAssembly
Native extension for WindowsStandalone target not found
Refreshing native plugins compatible for Editor in 0.54 ms, found 1 plugins.
Preloading 0 native plugins for Editor in 0.00 ms.
Invoked RoslynAnalysisRunner static constructor.
RoslynAnalysisRunner will not be running.
RoslynAnalysisRunner has terminated.
Mono: successfully reloaded assembly
- Completed reload, in  1.053 seconds
Platform modules already initialized, skipping
Refreshing native plugins compatible for Editor in 0.47 ms, found 1 plugins.
Preloading 0 native plugins for Editor in 0.00 ms.
Unloading 1935 Unused Serialized files (Serialized files now loaded: 0)
System memory in use before: 104.3 MB.
System memory in use after: 104.4 MB.

Unloading 20 unused Assets to reduce memory usage. Loaded Objects now: 2484.
Total: 3.286400 ms (FindLiveObjects: 0.293800 ms CreateObjectMapping: 0.155700 ms MarkObjects: 2.807400 ms  DeleteObjects: 0.027700 ms)

========================================================================
Received Prepare
Registering precompiled user dll's ...
Registered in 0.001718 seconds.
Begin MonoManager ReloadAssembly
Native extension for WindowsStandalone target not found
Refreshing native plugins compatible for Editor in 0.52 ms, found 1 plugins.
Preloading 0 native plugins for Editor in 0.00 ms.
Invoked RoslynAnalysisRunner static constructor.
RoslynAnalysisRunner will not be running.
RoslynAnalysisRunner has terminated.
Mono: successfully reloaded assembly
- Completed reload, in  1.017 seconds
Platform modules already initialized, skipping
Refreshing native plugins compatible for Editor in 0.50 ms, found 1 plugins.
Preloading 0 native plugins for Editor in 0.00 ms.
Unloading 1935 Unused Serialized files (Serialized files now loaded: 0)
System memory in use before: 104.3 MB.
System memory in use after: 104.4 MB.

Unloading 20 unused Assets to reduce memory usage. Loaded Objects now: 2488.
Total: 1.963600 ms (FindLiveObjects: 0.276800 ms CreateObjectMapping: 0.092800 ms MarkObjects: 1.573500 ms  DeleteObjects: 0.019400 ms)

========================================================================
Received Prepare
Registering precompiled user dll's ...
Registered in 0.001308 seconds.
Begin MonoManager ReloadAssembly
Native extension for WindowsStandalone target not found
Refreshing native plugins compatible for Editor in 0.68 ms, found 1 plugins.
Preloading 0 native plugins for Editor in 0.00 ms.
Invoked RoslynAnalysisRunner static constructor.
RoslynAnalysisRunner will not be running.
RoslynAnalysisRunner has terminated.
Mono: successfully reloaded assembly
- Completed reload, in  1.073 seconds
Platform modules already initialized, skipping
Refreshing native plugins compatible for Editor in 1.30 ms, found 1 plugins.
Preloading 0 native plugins for Editor in 0.00 ms.
Unloading 1935 Unused Serialized files (Serialized files now loaded: 0)
System memory in use before: 104.3 MB.
System memory in use after: 104.4 MB.

Unloading 20 unused Assets to reduce memory usage. Loaded Objects now: 2492.
Total: 2.264800 ms (FindLiveObjects: 0.269600 ms CreateObjectMapping: 0.078900 ms MarkObjects: 1.895200 ms  DeleteObjects: 0.020000 ms)

========================================================================
Received Prepare
Registering precompiled user dll's ...
Registered in 0.001211 seconds.
Begin MonoManager ReloadAssembly
Native extension for WindowsStandalone target not found
Refreshing native plugins compatible for Editor in 0.68 ms, found 1 plugins.
Preloading 0 native plugins for Editor in 0.00 ms.
Invoked RoslynAnalysisRunner static constructor.
RoslynAnalysisRunner will not be running.
RoslynAnalysisRunner has terminated.
Mono: successfully reloaded assembly
- Completed reload, in  1.075 seconds
Platform modules already initialized, skipping
Refreshing native plugins compatible for Editor in 0.46 ms, found 1 plugins.
Preloading 0 native plugins for Editor in 0.00 ms.
Unloading 1935 Unused Serialized files (Serialized files now loaded: 0)
System memory in use before: 104.3 MB.
System memory in use after: 104.4 MB.

Unloading 20 unused Assets to reduce memory usage. Loaded Objects now: 2496.
Total: 2.393700 ms (FindLiveObjects: 0.282900 ms CreateObjectMapping: 0.105800 ms MarkObjects: 1.983100 ms  DeleteObjects: 0.020200 ms)

========================================================================
Received Prepare
Registering precompiled user dll's ...
Registered in 0.002435 seconds.
Begin MonoManager ReloadAssembly
Native extension for WindowsStandalone target not found
Refreshing native plugins compatible for Editor in 0.65 ms, found 1 plugins.
Preloading 0 native plugins for Editor in 0.00 ms.
Invoked RoslynAnalysisRunner static constructor.
RoslynAnalysisRunner will not be running.
RoslynAnalysisRunner has terminated.
Mono: successfully reloaded assembly
- Completed reload, in  1.090 seconds
Platform modules already initialized, skipping
Refreshing native plugins compatible for Editor in 0.53 ms, found 1 plugins.
Preloading 0 native plugins for Editor in 0.00 ms.
Unloading 1935 Unused Serialized files (Serialized files now loaded: 0)
System memory in use before: 104.3 MB.
System memory in use after: 104.4 MB.

Unloading 20 unused Assets to reduce memory usage. Loaded Objects now: 2500.
Total: 2.071800 ms (FindLiveObjects: 0.215100 ms CreateObjectMapping: 0.085700 ms MarkObjects: 1.750700 ms  DeleteObjects: 0.019100 ms)

========================================================================
Received Prepare
Registering precompiled user dll's ...
Registered in 0.001779 seconds.
Begin MonoManager ReloadAssembly
Native extension for WindowsStandalone target not found
Refreshing native plugins compatible for Editor in 0.54 ms, found 1 plugins.
Preloading 0 native plugins for Editor in 0.00 ms.
Invoked RoslynAnalysisRunner static constructor.
RoslynAnalysisRunner will not be running.
RoslynAnalysisRunner has terminated.
Mono: successfully reloaded assembly
- Completed reload, in  1.049 seconds
Platform modules already initialized, skipping
Refreshing native plugins compatible for Editor in 0.56 ms, found 1 plugins.
Preloading 0 native plugins for Editor in 0.00 ms.
Unloading 1935 Unused Serialized files (Serialized files now loaded: 0)
System memory in use before: 104.3 MB.
System memory in use after: 104.4 MB.

Unloading 20 unused Assets to reduce memory usage. Loaded Objects now: 2504.
Total: 2.103300 ms (FindLiveObjects: 0.253700 ms CreateObjectMapping: 0.097000 ms MarkObjects: 1.732400 ms  DeleteObjects: 0.018500 ms)

========================================================================
Received Prepare
Registering precompiled user dll's ...
Registered in 0.001433 seconds.
Begin MonoManager ReloadAssembly
Native extension for WindowsStandalone target not found
Refreshing native plugins compatible for Editor in 0.82 ms, found 1 plugins.
Preloading 0 native plugins for Editor in 0.00 ms.
Invoked RoslynAnalysisRunner static constructor.
RoslynAnalysisRunner will not be running.
RoslynAnalysisRunner has terminated.
Mono: successfully reloaded assembly
- Completed reload, in  1.016 seconds
Platform modules already initialized, skipping
Refreshing native plugins compatible for Editor in 0.52 ms, found 1 plugins.
Preloading 0 native plugins for Editor in 0.00 ms.
Unloading 1935 Unused Serialized files (Serialized files now loaded: 0)
System memory in use before: 104.3 MB.
System memory in use after: 104.4 MB.

Unloading 20 unused Assets to reduce memory usage. Loaded Objects now: 2508.
Total: 1.832300 ms (FindLiveObjects: 0.228900 ms CreateObjectMapping: 0.078000 ms MarkObjects: 1.507900 ms  DeleteObjects: 0.016600 ms)

========================================================================
Received Prepare
Registering precompiled user dll's ...
Registered in 0.001426 seconds.
Begin MonoManager ReloadAssembly
Native extension for WindowsStandalone target not found
Refreshing native plugins compatible for Editor in 0.51 ms, found 1 plugins.
Preloading 0 native plugins for Editor in 0.00 ms.
Invoked RoslynAnalysisRunner static constructor.
RoslynAnalysisRunner will not be running.
RoslynAnalysisRunner has terminated.
Mono: successfully reloaded assembly
- Completed reload, in  1.033 seconds
Platform modules already initialized, skipping
Refreshing native plugins compatible for Editor in 0.45 ms, found 1 plugins.
Preloading 0 native plugins for Editor in 0.00 ms.
Unloading 1935 Unused Serialized files (Serialized files now loaded: 0)
System memory in use before: 104.3 MB.
System memory in use after: 104.4 MB.

Unloading 20 unused Assets to reduce memory usage. Loaded Objects now: 2512.
Total: 3.754700 ms (FindLiveObjects: 1.275900 ms CreateObjectMapping: 0.144400 ms MarkObjects: 2.312900 ms  DeleteObjects: 0.019600 ms)

AssetImportWorkerClient::OnTransportError - code=2 error=End of file
